Copyright 1986-2014 Xilinx, Inc. All Rights Reserved.
-----------------------------------------------------------------------------------
| Tool Version : Vivado v.2014.2 (win64) Build 932637 Wed Jun 11 13:30:22 MDT 2014
| Date         : Mon Jun 25 23:05:44 2018
| Host         :  running 64-bit major release  (build 9200)
| Command      : report_control_sets -verbose -file Show_control_sets_placed.rpt
| Design       : Show
| Device       : xc7a35t
-----------------------------------------------------------------------------------

Control Set Information

Table of Contents
-----------------
1. Summary
2. Flip-Flop Distribution
3. Detailed Control Set Information

1. Summary
----------

+-------------------------------------------------------------------+-------+
|                               Status                              | Count |
+-------------------------------------------------------------------+-------+
| Number of unique control sets                                     |    75 |
| Minimum Number of register sites lost to control set restrictions |    44 |
+-------------------------------------------------------------------+-------+


2. Flip-Flop Distribution
-------------------------

+--------------+-----------------------+------------------------+-----------------+--------------+
| Clock Enable | Synchronous Set/Reset | Asynchronous Set/Reset | Total Registers | Total Slices |
+--------------+-----------------------+------------------------+-----------------+--------------+
| No           | No                    | No                     |             547 |          317 |
| No           | No                    | Yes                    |               0 |            0 |
| No           | Yes                   | No                     |             169 |           74 |
| Yes          | No                    | No                     |              32 |           19 |
| Yes          | No                    | Yes                    |               0 |            0 |
| Yes          | Yes                   | No                     |              32 |           21 |
+--------------+-----------------------+------------------------+-----------------+--------------+


3. Detailed Control Set Information
-----------------------------------

+--------------------------------------------------+--------------------------------------------------+--------------------------------------------------+------------------+----------------+
|                   Clock Signal                   |                   Enable Signal                  |                 Set/Reset Signal                 | Slice Load Count | Bel Load Count |
+--------------------------------------------------+--------------------------------------------------+--------------------------------------------------+------------------+----------------+
|  div/clk                                         |                                                  |                                                  |                2 |              2 |
|  nolabel_line39/myControlUnit/myDFlipFlop/E[0]   |                                                  |                                                  |                2 |              3 |
|  nolabel_line39/myIR/I237[0]                     |                                                  |                                                  |                1 |              3 |
|  nolabel_line39/myALUoutDR/O42[0]                |                                                  |                                                  |                7 |              8 |
|  nolabel_line39/myALUoutDR/O38[0]                |                                                  |                                                  |                4 |              8 |
|  nolabel_line39/myALUoutDR/O35[0]                |                                                  |                                                  |                6 |              8 |
|  nolabel_line39/myALUoutDR/O33[0]                |                                                  |                                                  |                6 |              8 |
|  nolabel_line39/myALUoutDR/O39[0]                |                                                  |                                                  |                5 |              8 |
|  nolabel_line39/myALUoutDR/O30[0]                |                                                  |                                                  |                4 |              8 |
|  nolabel_line39/myALUoutDR/O29[0]                |                                                  |                                                  |                4 |              8 |
|  nolabel_line39/myALUoutDR/O27[0]                |                                                  |                                                  |                4 |              8 |
|  nolabel_line39/myALUoutDR/O26[0]                |                                                  |                                                  |                5 |              8 |
|  nolabel_line39/myALUoutDR/O25[0]                |                                                  |                                                  |                3 |              8 |
|  nolabel_line39/myALUoutDR/O24[0]                |                                                  |                                                  |                4 |              8 |
|  nolabel_line39/myALUoutDR/O23[0]                |                                                  |                                                  |                6 |              8 |
|  nolabel_line39/myALUoutDR/O22[0]                |                                                  |                                                  |                3 |              8 |
|  nolabel_line39/myALUoutDR/O21[0]                |                                                  |                                                  |                6 |              8 |
|  nolabel_line39/myALUoutDR/O16[0]                |                                                  |                                                  |                5 |              8 |
|  nolabel_line39/myALUoutDR/O15[0]                |                                                  |                                                  |                6 |              8 |
|  nolabel_line39/myALUoutDR/O14[0]                |                                                  |                                                  |                3 |              8 |
|  nolabel_line39/myALUoutDR/E[0]                  |                                                  |                                                  |                3 |              8 |
|  nolabel_line39/myControlUnit/myDFlipFlop/O63[0] |                                                  |                                                  |                7 |              8 |
|  nolabel_line39/myControlUnit/myDFlipFlop/O62[0] |                                                  |                                                  |                4 |              8 |
|  nolabel_line39/myControlUnit/myDFlipFlop/O61[0] |                                                  |                                                  |                4 |              8 |
|  nolabel_line39/myControlUnit/myDFlipFlop/O60[0] |                                                  |                                                  |                4 |              8 |
|  nolabel_line39/myControlUnit/myDFlipFlop/O59[0] |                                                  |                                                  |                6 |              8 |
|  nolabel_line39/myControlUnit/myDFlipFlop/O58[0] |                                                  |                                                  |                5 |              8 |
|  nolabel_line39/myControlUnit/myDFlipFlop/O57[0] |                                                  |                                                  |                7 |              8 |
|  nolabel_line39/myControlUnit/myDFlipFlop/O56[0] |                                                  |                                                  |                4 |              8 |
|  nolabel_line39/myControlUnit/myDFlipFlop/O55[0] |                                                  |                                                  |                5 |              8 |
|  nolabel_line39/myControlUnit/myDFlipFlop/O54[0] |                                                  |                                                  |                4 |              8 |
|  nolabel_line39/myControlUnit/myDFlipFlop/O53[0] |                                                  |                                                  |                6 |              8 |
|  nolabel_line39/myControlUnit/myDFlipFlop/O52[0] |                                                  |                                                  |                5 |              8 |
|  nolabel_line39/myControlUnit/myDFlipFlop/O51[0] |                                                  |                                                  |                5 |              8 |
|  nolabel_line39/myControlUnit/myDFlipFlop/O50[0] |                                                  |                                                  |                6 |              8 |
|  nolabel_line39/myControlUnit/myDFlipFlop/O49[0] |                                                  |                                                  |                3 |              8 |
|  nolabel_line39/myControlUnit/myDFlipFlop/O48[0] |                                                  |                                                  |                4 |              8 |
|  nolabel_line39/myControlUnit/myDFlipFlop/O47[0] |                                                  |                                                  |                5 |              8 |
|  nolabel_line39/myControlUnit/myDFlipFlop/O46[0] |                                                  |                                                  |                6 |              8 |
|  nolabel_line39/myControlUnit/myDFlipFlop/O45[0] |                                                  |                                                  |                5 |              8 |
|  nolabel_line39/myControlUnit/myDFlipFlop/O44[0] |                                                  |                                                  |                5 |              8 |
|  nolabel_line39/myControlUnit/myDFlipFlop/O43[0] |                                                  |                                                  |                7 |              8 |
|  nolabel_line39/myControlUnit/myDFlipFlop/O42[0] |                                                  |                                                  |                4 |              8 |
|  nolabel_line39/myControlUnit/myDFlipFlop/O41[0] |                                                  |                                                  |                5 |              8 |
|  nolabel_line39/myControlUnit/myDFlipFlop/O40[0] |                                                  |                                                  |                5 |              8 |
|  nolabel_line39/myControlUnit/myDFlipFlop/O4[0]  |                                                  |                                                  |                4 |              8 |
|  nolabel_line39/myControlUnit/myDFlipFlop/O39[0] |                                                  |                                                  |                5 |              8 |
|  nolabel_line39/myControlUnit/myDFlipFlop/O37[0] |                                                  |                                                  |                4 |              8 |
|  nolabel_line39/myControlUnit/myDFlipFlop/O36[0] |                                                  |                                                  |                5 |              8 |
|  nolabel_line39/myControlUnit/myDFlipFlop/O35[0] |                                                  |                                                  |                7 |              8 |
|  nolabel_line39/myControlUnit/myDFlipFlop/O38[0] |                                                  |                                                  |                6 |              8 |
|  nolabel_line39/myControlUnit/myDFlipFlop/O34[0] |                                                  |                                                  |                5 |              8 |
|  nolabel_line39/myControlUnit/myDFlipFlop/O33[0] |                                                  |                                                  |                4 |              8 |
|  nolabel_line39/myControlUnit/myDFlipFlop/O32[0] |                                                  |                                                  |                4 |              8 |
|  nolabel_line39/myControlUnit/myDFlipFlop/O31[0] |                                                  |                                                  |                3 |              8 |
|  nolabel_line39/myControlUnit/myDFlipFlop/O30[0] |                                                  |                                                  |                4 |              8 |
|  nolabel_line39/myControlUnit/myDFlipFlop/O29[0] |                                                  |                                                  |                3 |              8 |
|  nolabel_line39/myControlUnit/myDFlipFlop/O28[0] |                                                  |                                                  |                6 |              8 |
|  nolabel_line39/myControlUnit/myDFlipFlop/O27[0] |                                                  |                                                  |                4 |              8 |
|  nolabel_line39/myControlUnit/myDFlipFlop/O26[0] |                                                  |                                                  |                3 |              8 |
|  nolabel_line39/myControlUnit/myDFlipFlop/O25[0] |                                                  |                                                  |                7 |              8 |
|  nolabel_line39/myControlUnit/myDFlipFlop/O24[0] |                                                  |                                                  |                5 |              8 |
|  nolabel_line39/myALUoutDR/O45[0]                |                                                  |                                                  |                5 |              8 |
|  nolabel_line39/myALUoutDR/O44[0]                |                                                  |                                                  |                3 |              8 |
|  CLK2_IBUF_BUFG                                  |                                                  |                                                  |                5 |             10 |
|  CLK2_IBUF_BUFG                                  |                                                  | deb/clear                                        |                6 |             22 |
|  CLK2_IBUF_BUFG                                  |                                                  | CLK1_IBUF                                        |                6 |             22 |
|  CLK2_IBUF_BUFG                                  |                                                  | div/n_0_counter[0]_i_1                           |                7 |             26 |
|  CLK_BUFG                                        |                                                  | nolabel_line39/myIR/O3                           |               15 |             32 |
|  CLK_BUFG                                        |                                                  | nolabel_line39/myIR/O40                          |                9 |             32 |
|  CLK_BUFG                                        | nolabel_line39/myControlUnit/myDFlipFlop/O100[0] |                                                  |               19 |             32 |
| ~CLK_BUFG                                        | nolabel_line39/myIR/E[0]                         | nolabel_line39/myPC/n_0_Addr[31]_i_1             |               21 |             32 |
|  CLK_BUFG                                        |                                                  | nolabel_line39/myALUoutDR/n_0_outputData[31]_i_1 |               31 |             35 |
|  CLK_BUFG                                        |                                                  |                                                  |               15 |             41 |
| ~CLK_BUFG                                        | nolabel_line39/myControlUnit/myDFlipFlop/p_0_in  |                                                  |               12 |             96 |
+--------------------------------------------------+--------------------------------------------------+--------------------------------------------------+------------------+----------------+


