Copyright 1986-2014 Xilinx, Inc. All Rights Reserved.
---------------------------------------------------------------------------------------
| Tool Version     : Vivado v.2014.2 (win64) Build 932637 Wed Jun 11 13:30:22 MDT 2014
| Date             : Tue May 29 12:41:48 2018
| Host             : DESKTOP-N6A5O7V running 64-bit major release  (build 9200)
| Command          : 
| Design           : Show
| Device           : xc7a35tcpg236-1
| Design State     : Routed
| Grade            : commercial
| Process          : typical
| Characterization : Production
---------------------------------------------------------------------------------------

Power Report

Table of Contents
-----------------
1. Summary
1.1 On-Chip Components
1.2 Power Supply Summary
1.3 Confidence Level
2. Settings
2.1 Environment
2.2 Clock Constraints
3. Detailed Reports
3.1 By Hierarchy

1. Summary
----------

+--------------------------+-------+
| Total On-Chip Power (W)  | 5.665 |
| Dynamic (W)              | 5.571 |
| Device Static (W)        | 0.094 |
| Total Off-Chip Power (W) | 0.000 |
| Effective TJA (C/W)      | 5.0   |
| Max Ambient (C)          | 56.7  |
| Junction Temperature (C) | 53.3  |
| Confidence Level         | Low   |
| Setting File             | ---   |
| Simulation Activity File | ---   |
| Design Nets Matched      | NA    |
+--------------------------+-------+


1.1 On-Chip Components
----------------------

+--------------------------+-----------+----------+-----------+-----------------+
| On-Chip                  | Power (W) | Used     | Available | Utilization (%) |
+--------------------------+-----------+----------+-----------+-----------------+
| Slice Logic              |     0.338 |     5115 |       --- |             --- |
|   LUT as Logic           |     0.322 |     3467 |     20800 |           16.66 |
|   BUFG                   |     0.009 |        2 |        32 |            6.25 |
|   Register               |     0.005 |      597 |     41600 |            1.43 |
|   CARRY4                 |     0.002 |       38 |      8150 |            0.46 |
|   LUT as Distributed RAM |    <0.001 |       48 |      9600 |            0.50 |
|   F7/F8 Muxes            |    <0.001 |      669 |     32600 |            2.05 |
|   Others                 |     0.000 |       20 |       --- |             --- |
| Signals                  |     0.418 |     3199 |       --- |             --- |
| I/O                      |     4.815 |       17 |       106 |           16.03 |
| Static Power             |     0.094 |          |           |                 |
| Total                    |     5.665 |          |           |                 |
+--------------------------+-----------+----------+-----------+-----------------+


1.2 Power Supply Summary
------------------------

+-----------+-------------+-----------+-------------+------------+
| Source    | Voltage (V) | Total (A) | Dynamic (A) | Static (A) |
+-----------+-------------+-----------+-------------+------------+
| Vccint    |       1.000 |     0.796 |       0.768 |      0.028 |
| Vccaux    |       1.800 |     0.190 |       0.176 |      0.014 |
| Vcco33    |       3.300 |     1.360 |       1.359 |      0.001 |
| Vcco25    |       2.500 |     0.000 |       0.000 |      0.000 |
| Vcco18    |       1.800 |     0.000 |       0.000 |      0.000 |
| Vcco15    |       1.500 |     0.000 |       0.000 |      0.000 |
| Vcco135   |       1.350 |     0.000 |       0.000 |      0.000 |
| Vcco12    |       1.200 |     0.000 |       0.000 |      0.000 |
| Vccaux_io |       0.000 |     0.000 |       0.000 |      0.000 |
| Vccbram   |       1.000 |     0.001 |       0.000 |      0.001 |
| MGTAVcc   |       1.000 |     0.000 |       0.000 |      0.000 |
| MGTAVtt   |       1.200 |     0.000 |       0.000 |      0.000 |
| Vccadc    |       1.800 |     0.020 |       0.000 |      0.020 |
+-----------+-------------+-----------+-------------+------------+


1.3 Confidence Level
--------------------

+-----------------------------+------------+--------------------------------------------------------+--------------------------------------------------------------------------------------------------------------------+
| User Input Data             | Confidence | Details                                                | Action                                                                                                             |
+-----------------------------+------------+--------------------------------------------------------+--------------------------------------------------------------------------------------------------------------------+
| Design implementation state | High       | Design is routed                                       |                                                                                                                    |
| Clock nodes activity        | Low        | User specified less than 75% of clocks                 | Provide missing clock activity with a constraint file, simulation results or by editing the "By Clock Domain" view |
| I/O nodes activity          | Low        | More than 75% of inputs are missing user specification | Provide missing input activity with simulation results or by editing the "By Resource Type -> I/Os" view           |
| Internal nodes activity     | Medium     | User specified less than 25% of internal nodes         | Provide missing internal nodes activity with simulation results or by editing the "By Resource Type" views         |
| Device models               | High       | Device models are Production                           |                                                                                                                    |
|                             |            |                                                        |                                                                                                                    |
| Overall confidence level    | Low        |                                                        |                                                                                                                    |
+-----------------------------+------------+--------------------------------------------------------+--------------------------------------------------------------------------------------------------------------------+


2. Settings
-----------

2.1 Environment
---------------

+-----------------------+--------------------------+
| Ambient Temp (C)      | 25.0                     |
| ThetaJA (C/W)         | 5.0                      |
| Airflow (LFM)         | 250                      |
| Heat Sink             | medium (Medium Profile)  |
| ThetaSA (C/W)         | 4.6                      |
| Board Selection       | medium (10"x10")         |
| # of Board Layers     | 12to15 (12 to 15 Layers) |
| Board Temperature (C) | 25.0                     |
+-----------------------+--------------------------+


2.2 Clock Constraints
---------------------

+-------+--------+-----------------+
| Clock | Domain | Constraint (ns) |
+-------+--------+-----------------+


3. Detailed Reports
-------------------

3.1 By Hierarchy
----------------

+---------------------------------+-----------+
| Name                            | Power (W) |
+---------------------------------+-----------+
| Show                            |     5.571 |
|   counter                       |     0.007 |
|   deb                           |     0.034 |
|   display                       |     0.021 |
|   div                           |     0.002 |
|   nolabel_line83                |     0.594 |
|     myALU                       |     0.021 |
|     myControlUnit               |     0.416 |
|     myDataMemory                |     0.076 |
|     myNextPCSelect              |     0.005 |
|     myPC                        |     0.053 |
|     myRegisterFile              |     0.025 |
|       regFile_reg_r1_0_31_0_5   |     0.005 |
|       regFile_reg_r1_0_31_12_17 |    <0.001 |
|       regFile_reg_r1_0_31_18_23 |    <0.001 |
|       regFile_reg_r1_0_31_24_29 |    <0.001 |
|       regFile_reg_r1_0_31_30_31 |    <0.001 |
|       regFile_reg_r1_0_31_6_11  |    <0.001 |
|       regFile_reg_r2_0_31_0_5   |    <0.001 |
|       regFile_reg_r2_0_31_12_17 |    <0.001 |
|       regFile_reg_r2_0_31_18_23 |    <0.001 |
|       regFile_reg_r2_0_31_24_29 |    <0.001 |
|       regFile_reg_r2_0_31_30_31 |    <0.001 |
|       regFile_reg_r2_0_31_6_11  |    <0.001 |
|   seg                           |     0.010 |
+---------------------------------+-----------+


